<?xml version="1.0" encoding="UTF-8"?>
<testng-results skipped="1" failed="0" ignored="0" total="3" passed="2">
  <reporter-output>
    <line>
      <![CDATA[Setting up the reports and test is getting ready]]>
    </line>
    <line>
      <![CDATA[Settup completed and Test can be started]]>
    </line>
    <line>
      <![CDATA[Starting the browser and application is getting ready]]>
    </line>
    <line>
      <![CDATA[Browser and Application is up and running]]>
    </line>
    <line>
      <![CDATA[Test is about to end]]>
    </line>
    <line>
      <![CDATA[Test completed and reports are generated ]]>
    </line>
    <line>
      <![CDATA[Test is about to end]]>
    </line>
    <line>
      <![CDATA[Test completed and reports are generated ]]>
    </line>
    <line>
      <![CDATA[Test is about to end]]>
    </line>
    <line>
      <![CDATA[Test completed and reports are generated ]]>
    </line>
  </reporter-output>
  <suite name="RegressionTestSuite" duration-ms="24627" started-at="2020-04-22T14:54:43Z" finished-at="2020-04-22T14:55:07Z">
    <groups>
    </groups>
    <test name="LoginPrimusBank" duration-ms="24627" started-at="2020-04-22T14:54:43Z" finished-at="2020-04-22T14:55:07Z">
      <class name="com.learnautomation.testcases.LoginTest">
        <test-method status="PASS" signature="SetupSuite()[pri:0, instance:com.learnautomation.testcases.LoginTest@36d64342]" name="SetupSuite" is-config="true" duration-ms="2885" started-at="2020-04-22T14:54:40Z" finished-at="2020-04-22T14:54:43Z">
          <reporter-output>
            <line>
              <![CDATA[Setting up the reports and test is getting ready]]>
            </line>
            <line>
              <![CDATA[Settup completed and Test can be started]]>
            </line>
          </reporter-output>
        </test-method> <!-- SetupSuite -->
        <test-method status="PASS" signature="setup()[pri:0, instance:com.learnautomation.testcases.LoginTest@36d64342]" name="setup" is-config="true" duration-ms="15516" started-at="2020-04-22T14:54:43Z" finished-at="2020-04-22T14:54:58Z">
          <reporter-output>
            <line>
              <![CDATA[Starting the browser and application is getting ready]]>
            </line>
            <line>
              <![CDATA[Browser and Application is up and running]]>
            </line>
          </reporter-output>
        </test-method> <!-- setup -->
        <test-method status="PASS" signature="logintest()[pri:1, instance:com.learnautomation.testcases.LoginTest@36d64342]" name="logintest" duration-ms="2671" started-at="2020-04-22T14:54:58Z" finished-at="2020-04-22T14:55:01Z">
          <reporter-output>
          </reporter-output>
        </test-method> <!-- logintest -->
        <test-method status="PASS" signature="teardownmethod(org.testng.ITestResult)[pri:0, instance:com.learnautomation.testcases.LoginTest@36d64342]" name="teardownmethod" is-config="true" duration-ms="1268" started-at="2020-04-22T14:55:01Z" finished-at="2020-04-22T14:55:02Z">
          <params>
            <param index="0">
              <value>
                <![CDATA[[TestResult name=logintest status=SUCCESS method=LoginTest.logintest()[pri:1, instance:com.learnautomation.testcases.LoginTest@36d64342] output={null}]]]>
              </value>
            </param>
          </params>
          <reporter-output>
            <line>
              <![CDATA[Test is about to end]]>
            </line>
            <line>
              <![CDATA[Test completed and reports are generated ]]>
            </line>
          </reporter-output>
        </test-method> <!-- teardownmethod -->
        <test-method status="PASS" signature="logouttest()[pri:2, instance:com.learnautomation.testcases.LoginTest@36d64342]" name="logouttest" duration-ms="2" started-at="2020-04-22T14:55:02Z" finished-at="2020-04-22T14:55:02Z">
          <reporter-output>
          </reporter-output>
        </test-method> <!-- logouttest -->
        <test-method status="PASS" signature="teardownmethod(org.testng.ITestResult)[pri:0, instance:com.learnautomation.testcases.LoginTest@36d64342]" name="teardownmethod" is-config="true" duration-ms="456" started-at="2020-04-22T14:55:02Z" finished-at="2020-04-22T14:55:03Z">
          <params>
            <param index="0">
              <value>
                <![CDATA[[TestResult name=logouttest status=SUCCESS method=LoginTest.logouttest()[pri:2, instance:com.learnautomation.testcases.LoginTest@36d64342] output={null}]]]>
              </value>
            </param>
          </params>
          <reporter-output>
            <line>
              <![CDATA[Test is about to end]]>
            </line>
            <line>
              <![CDATA[Test completed and reports are generated ]]>
            </line>
          </reporter-output>
        </test-method> <!-- teardownmethod -->
        <test-method status="SKIP" signature="refreshtest()[pri:3, instance:com.learnautomation.testcases.LoginTest@36d64342]" name="refreshtest" duration-ms="3" started-at="2020-04-22T14:55:03Z" finished-at="2020-04-22T14:55:03Z">
          <exception class="org.testng.SkipException">
            <message>
              <![CDATA[For somereason the testcase skipped]]>
            </message>
            <full-stacktrace>
              <![CDATA[org.testng.SkipException: For somereason the testcase skipped
at com.learnautomation.testcases.LoginTest.refreshtest(LoginTest.java:63)
at sun.reflect.NativeMethodAccessorImpl.invoke0(Native Method)
at sun.reflect.NativeMethodAccessorImpl.invoke(NativeMethodAccessorImpl.java:62)
at sun.reflect.DelegatingMethodAccessorImpl.invoke(DelegatingMethodAccessorImpl.java:43)
at java.lang.reflect.Method.invoke(Method.java:498)
at org.testng.internal.MethodInvocationHelper.invokeMethod(MethodInvocationHelper.java:124)
at org.testng.internal.Invoker.invokeMethod(Invoker.java:583)
at org.testng.internal.Invoker.invokeTestMethod(Invoker.java:719)
at org.testng.internal.Invoker.invokeTestMethods(Invoker.java:989)
at org.testng.internal.TestMethodWorker.invokeTestMethods(TestMethodWorker.java:125)
at org.testng.internal.TestMethodWorker.run(TestMethodWorker.java:109)
at org.testng.TestRunner.privateRun(TestRunner.java:648)
at org.testng.TestRunner.run(TestRunner.java:505)
at org.testng.SuiteRunner.runTest(SuiteRunner.java:455)
at org.testng.SuiteRunner.runSequentially(SuiteRunner.java:450)
at org.testng.SuiteRunner.privateRun(SuiteRunner.java:415)
at org.testng.SuiteRunner.run(SuiteRunner.java:364)
at org.testng.SuiteRunnerWorker.runSuite(SuiteRunnerWorker.java:52)
at org.testng.SuiteRunnerWorker.run(SuiteRunnerWorker.java:84)
at org.testng.TestNG.runSuitesSequentially(TestNG.java:1208)
at org.testng.TestNG.runSuitesLocally(TestNG.java:1137)
at org.testng.TestNG.runSuites(TestNG.java:1049)
at org.testng.TestNG.run(TestNG.java:1017)
at org.apache.maven.surefire.testng.TestNGExecutor.run(TestNGExecutor.java:295)
at org.apache.maven.surefire.testng.TestNGXmlTestSuite.execute(TestNGXmlTestSuite.java:84)
at org.apache.maven.surefire.testng.TestNGProvider.invoke(TestNGProvider.java:90)
at org.apache.maven.surefire.booter.ForkedBooter.invokeProviderInSameClassLoader(ForkedBooter.java:203)
at org.apache.maven.surefire.booter.ForkedBooter.runSuitesInProcess(ForkedBooter.java:155)
at org.apache.maven.surefire.booter.ForkedBooter.main(ForkedBooter.java:103)
]]>
            </full-stacktrace>
          </exception> <!-- org.testng.SkipException -->
          <reporter-output>
          </reporter-output>
        </test-method> <!-- refreshtest -->
        <test-method status="PASS" signature="teardownmethod(org.testng.ITestResult)[pri:0, instance:com.learnautomation.testcases.LoginTest@36d64342]" name="teardownmethod" is-config="true" duration-ms="242" started-at="2020-04-22T14:55:03Z" finished-at="2020-04-22T14:55:03Z">
          <params>
            <param index="0">
              <value>
                <![CDATA[[TestResult name=refreshtest status=SKIP method=LoginTest.refreshtest()[pri:3, instance:com.learnautomation.testcases.LoginTest@36d64342] output={null}]]]>
              </value>
            </param>
          </params>
          <reporter-output>
            <line>
              <![CDATA[Test is about to end]]>
            </line>
            <line>
              <![CDATA[Test completed and reports are generated ]]>
            </line>
          </reporter-output>
        </test-method> <!-- teardownmethod -->
        <test-method status="PASS" signature="teartown()[pri:0, instance:com.learnautomation.testcases.LoginTest@36d64342]" name="teartown" is-config="true" duration-ms="4381" started-at="2020-04-22T14:55:03Z" finished-at="2020-04-22T14:55:07Z">
          <reporter-output>
          </reporter-output>
        </test-method> <!-- teartown -->
      </class> <!-- com.learnautomation.testcases.LoginTest -->
    </test> <!-- LoginPrimusBank -->
  </suite> <!-- RegressionTestSuite -->
</testng-results>
