<?xml version="1.0" encoding="UTF-8"?>
<!-- Generated by org.testng.reporters.JUnitXMLReporter -->
<testsuite hostname="DESKTOP-8PMTVOS" ignored="0" name="LoginPrimusBank" tests="3" failures="0" timestamp="22 Apr 2020 14:55:07 GMT" time="24.627" errors="0">
  <testcase name="logintest" time="2.671" classname="com.learnautomation.testcases.LoginTest"/>
  <testcase name="logouttest" time="0.002" classname="com.learnautomation.testcases.LoginTest"/>
  <testcase name="refreshtest" time="0.003" classname="com.learnautomation.testcases.LoginTest">
    <skipped/>
  </testcase> <!-- refreshtest -->
</testsuite> <!-- LoginPrimusBank -->
